==========================================
SLURM_JOB_ID = 4273419
SLURM_JOB_NODELIST = gpu016
==========================================
Requirement already satisfied: numpy<3.0,>=1.26 in /home/cdechaux/miniconda3/envs/pt_env/lib/python3.10/site-packages (from -r requirements.txt (line 2)) (2.2.6)
Requirement already satisfied: pandas<3.0,>=2.2 in /home/cdechaux/miniconda3/envs/pt_env/lib/python3.10/site-packages (from -r requirements.txt (line 3)) (2.3.2)
Requirement already satisfied: scikit-learn<1.6,>=1.4 in /home/cdechaux/miniconda3/envs/pt_env/lib/python3.10/site-packages (from -r requirements.txt (line 4)) (1.5.2)
Requirement already satisfied: joblib<2.0,>=1.3 in /home/cdechaux/miniconda3/envs/pt_env/lib/python3.10/site-packages (from -r requirements.txt (line 5)) (1.5.2)
Requirement already satisfied: tqdm<5.0,>=4.66 in /home/cdechaux/miniconda3/envs/pt_env/lib/python3.10/site-packages (from -r requirements.txt (line 6)) (4.67.1)
Requirement already satisfied: torch<2.6,>=2.4 in /home/cdechaux/miniconda3/envs/pt_env/lib/python3.10/site-packages (from -r requirements.txt (line 9)) (2.5.1)
Requirement already satisfied: transformers<5.0,>=4.43 in /home/cdechaux/miniconda3/envs/pt_env/lib/python3.10/site-packages (from -r requirements.txt (line 10)) (4.44.2)
Requirement already satisfied: accelerate<1.0,>=0.31 in /home/cdechaux/miniconda3/envs/pt_env/lib/python3.10/site-packages (from -r requirements.txt (line 11)) (0.34.2)
Requirement already satisfied: safetensors<1.0,>=0.4 in /home/cdechaux/miniconda3/envs/pt_env/lib/python3.10/site-packages (from -r requirements.txt (line 12)) (0.6.2)
Requirement already satisfied: tokenizers<0.20,>=0.15 in /home/cdechaux/miniconda3/envs/pt_env/lib/python3.10/site-packages (from -r requirements.txt (line 13)) (0.19.1)
Requirement already satisfied: sentencepiece>=0.1.99 in /home/cdechaux/miniconda3/envs/pt_env/lib/python3.10/site-packages (from -r requirements.txt (line 14)) (0.2.1)
Requirement already satisfied: datasets in /home/cdechaux/miniconda3/envs/pt_env/lib/python3.10/site-packages (from -r requirements.txt (line 15)) (4.0.0)
Requirement already satisfied: medkit-lib>=0.17.0 in /home/cdechaux/miniconda3/envs/pt_env/lib/python3.10/site-packages (from -r requirements.txt (line 18)) (0.17.0)
Requirement already satisfied: python-dateutil>=2.8.2 in /home/cdechaux/miniconda3/envs/pt_env/lib/python3.10/site-packages (from pandas<3.0,>=2.2->-r requirements.txt (line 3)) (2.9.0.post0)
Requirement already satisfied: pytz>=2020.1 in /home/cdechaux/miniconda3/envs/pt_env/lib/python3.10/site-packages (from pandas<3.0,>=2.2->-r requirements.txt (line 3)) (2025.2)
Requirement already satisfied: tzdata>=2022.7 in /home/cdechaux/miniconda3/envs/pt_env/lib/python3.10/site-packages (from pandas<3.0,>=2.2->-r requirements.txt (line 3)) (2025.2)
Requirement already satisfied: scipy>=1.6.0 in /home/cdechaux/miniconda3/envs/pt_env/lib/python3.10/site-packages (from scikit-learn<1.6,>=1.4->-r requirements.txt (line 4)) (1.15.3)
Requirement already satisfied: threadpoolctl>=3.1.0 in /home/cdechaux/miniconda3/envs/pt_env/lib/python3.10/site-packages (from scikit-learn<1.6,>=1.4->-r requirements.txt (line 4)) (3.6.0)
Requirement already satisfied: filelock in /home/cdechaux/miniconda3/envs/pt_env/lib/python3.10/site-packages (from torch<2.6,>=2.4->-r requirements.txt (line 9)) (3.19.1)
Requirement already satisfied: typing-extensions>=4.8.0 in /home/cdechaux/miniconda3/envs/pt_env/lib/python3.10/site-packages (from torch<2.6,>=2.4->-r requirements.txt (line 9)) (4.15.0)
Requirement already satisfied: networkx in /home/cdechaux/miniconda3/envs/pt_env/lib/python3.10/site-packages (from torch<2.6,>=2.4->-r requirements.txt (line 9)) (3.4.2)
Requirement already satisfied: jinja2 in /home/cdechaux/miniconda3/envs/pt_env/lib/python3.10/site-packages (from torch<2.6,>=2.4->-r requirements.txt (line 9)) (3.1.6)
Requirement already satisfied: fsspec in /home/cdechaux/miniconda3/envs/pt_env/lib/python3.10/site-packages (from torch<2.6,>=2.4->-r requirements.txt (line 9)) (2025.3.0)
Requirement already satisfied: nvidia-cuda-nvrtc-cu12==12.4.127 in /home/cdechaux/miniconda3/envs/pt_env/lib/python3.10/site-packages (from torch<2.6,>=2.4->-r requirements.txt (line 9)) (12.4.127)
Requirement already satisfied: nvidia-cuda-runtime-cu12==12.4.127 in /home/cdechaux/miniconda3/envs/pt_env/lib/python3.10/site-packages (from torch<2.6,>=2.4->-r requirements.txt (line 9)) (12.4.127)
Requirement already satisfied: nvidia-cuda-cupti-cu12==12.4.127 in /home/cdechaux/miniconda3/envs/pt_env/lib/python3.10/site-packages (from torch<2.6,>=2.4->-r requirements.txt (line 9)) (12.4.127)
Requirement already satisfied: nvidia-cudnn-cu12==9.1.0.70 in /home/cdechaux/miniconda3/envs/pt_env/lib/python3.10/site-packages (from torch<2.6,>=2.4->-r requirements.txt (line 9)) (9.1.0.70)
Requirement already satisfied: nvidia-cublas-cu12==12.4.5.8 in /home/cdechaux/miniconda3/envs/pt_env/lib/python3.10/site-packages (from torch<2.6,>=2.4->-r requirements.txt (line 9)) (12.4.5.8)
Requirement already satisfied: nvidia-cufft-cu12==11.2.1.3 in /home/cdechaux/miniconda3/envs/pt_env/lib/python3.10/site-packages (from torch<2.6,>=2.4->-r requirements.txt (line 9)) (11.2.1.3)
Requirement already satisfied: nvidia-curand-cu12==10.3.5.147 in /home/cdechaux/miniconda3/envs/pt_env/lib/python3.10/site-packages (from torch<2.6,>=2.4->-r requirements.txt (line 9)) (10.3.5.147)
Requirement already satisfied: nvidia-cusolver-cu12==11.6.1.9 in /home/cdechaux/miniconda3/envs/pt_env/lib/python3.10/site-packages (from torch<2.6,>=2.4->-r requirements.txt (line 9)) (11.6.1.9)
Requirement already satisfied: nvidia-cusparse-cu12==12.3.1.170 in /home/cdechaux/miniconda3/envs/pt_env/lib/python3.10/site-packages (from torch<2.6,>=2.4->-r requirements.txt (line 9)) (12.3.1.170)
Requirement already satisfied: nvidia-nccl-cu12==2.21.5 in /home/cdechaux/miniconda3/envs/pt_env/lib/python3.10/site-packages (from torch<2.6,>=2.4->-r requirements.txt (line 9)) (2.21.5)
Requirement already satisfied: nvidia-nvtx-cu12==12.4.127 in /home/cdechaux/miniconda3/envs/pt_env/lib/python3.10/site-packages (from torch<2.6,>=2.4->-r requirements.txt (line 9)) (12.4.127)
Requirement already satisfied: nvidia-nvjitlink-cu12==12.4.127 in /home/cdechaux/miniconda3/envs/pt_env/lib/python3.10/site-packages (from torch<2.6,>=2.4->-r requirements.txt (line 9)) (12.4.127)
Requirement already satisfied: triton==3.1.0 in /home/cdechaux/miniconda3/envs/pt_env/lib/python3.10/site-packages (from torch<2.6,>=2.4->-r requirements.txt (line 9)) (3.1.0)
Requirement already satisfied: sympy==1.13.1 in /home/cdechaux/miniconda3/envs/pt_env/lib/python3.10/site-packages (from torch<2.6,>=2.4->-r requirements.txt (line 9)) (1.13.1)
Requirement already satisfied: mpmath<1.4,>=1.1.0 in /home/cdechaux/miniconda3/envs/pt_env/lib/python3.10/site-packages (from sympy==1.13.1->torch<2.6,>=2.4->-r requirements.txt (line 9)) (1.3.0)
Requirement already satisfied: huggingface-hub<1.0,>=0.23.2 in /home/cdechaux/miniconda3/envs/pt_env/lib/python3.10/site-packages (from transformers<5.0,>=4.43->-r requirements.txt (line 10)) (0.34.4)
Requirement already satisfied: packaging>=20.0 in /home/cdechaux/miniconda3/envs/pt_env/lib/python3.10/site-packages (from transformers<5.0,>=4.43->-r requirements.txt (line 10)) (25.0)
Requirement already satisfied: pyyaml>=5.1 in /home/cdechaux/miniconda3/envs/pt_env/lib/python3.10/site-packages (from transformers<5.0,>=4.43->-r requirements.txt (line 10)) (6.0.2)
Requirement already satisfied: regex!=2019.12.17 in /home/cdechaux/miniconda3/envs/pt_env/lib/python3.10/site-packages (from transformers<5.0,>=4.43->-r requirements.txt (line 10)) (2025.7.34)
Requirement already satisfied: requests in /home/cdechaux/miniconda3/envs/pt_env/lib/python3.10/site-packages (from transformers<5.0,>=4.43->-r requirements.txt (line 10)) (2.32.5)
Requirement already satisfied: psutil in /home/cdechaux/miniconda3/envs/pt_env/lib/python3.10/site-packages (from accelerate<1.0,>=0.31->-r requirements.txt (line 11)) (7.0.0)
Requirement already satisfied: hf-xet<2.0.0,>=1.1.3 in /home/cdechaux/miniconda3/envs/pt_env/lib/python3.10/site-packages (from huggingface-hub<1.0,>=0.23.2->transformers<5.0,>=4.43->-r requirements.txt (line 10)) (1.1.9)
Requirement already satisfied: pyarrow>=15.0.0 in /home/cdechaux/miniconda3/envs/pt_env/lib/python3.10/site-packages (from datasets->-r requirements.txt (line 15)) (21.0.0)
Requirement already satisfied: dill<0.3.9,>=0.3.0 in /home/cdechaux/miniconda3/envs/pt_env/lib/python3.10/site-packages (from datasets->-r requirements.txt (line 15)) (0.3.8)
Requirement already satisfied: xxhash in /home/cdechaux/miniconda3/envs/pt_env/lib/python3.10/site-packages (from datasets->-r requirements.txt (line 15)) (3.5.0)
Requirement already satisfied: multiprocess<0.70.17 in /home/cdechaux/miniconda3/envs/pt_env/lib/python3.10/site-packages (from datasets->-r requirements.txt (line 15)) (0.70.16)
Requirement already satisfied: aiohttp!=4.0.0a0,!=4.0.0a1 in /home/cdechaux/miniconda3/envs/pt_env/lib/python3.10/site-packages (from fsspec[http]<=2025.3.0,>=2023.1.0->datasets->-r requirements.txt (line 15)) (3.12.15)
Requirement already satisfied: anyascii in /home/cdechaux/miniconda3/envs/pt_env/lib/python3.10/site-packages (from medkit-lib>=0.17.0->-r requirements.txt (line 18)) (0.3.3)
Requirement already satisfied: duptextfinder>=0.3.0 in /home/cdechaux/miniconda3/envs/pt_env/lib/python3.10/site-packages (from medkit-lib>=0.17.0->-r requirements.txt (line 18)) (0.3.0)
Requirement already satisfied: flashtext>=2.7 in /home/cdechaux/miniconda3/envs/pt_env/lib/python3.10/site-packages (from medkit-lib>=0.17.0->-r requirements.txt (line 18)) (2.7)
Requirement already satisfied: intervaltree in /home/cdechaux/miniconda3/envs/pt_env/lib/python3.10/site-packages (from medkit-lib>=0.17.0->-r requirements.txt (line 18)) (3.1.0)
Requirement already satisfied: pyaml in /home/cdechaux/miniconda3/envs/pt_env/lib/python3.10/site-packages (from medkit-lib>=0.17.0->-r requirements.txt (line 18)) (25.7.0)
Requirement already satisfied: pysimstring in /home/cdechaux/miniconda3/envs/pt_env/lib/python3.10/site-packages (from medkit-lib>=0.17.0->-r requirements.txt (line 18)) (1.3.0)
Requirement already satisfied: smart-open in /home/cdechaux/miniconda3/envs/pt_env/lib/python3.10/site-packages (from medkit-lib>=0.17.0->-r requirements.txt (line 18)) (7.3.1)
Requirement already satisfied: soundfile in /home/cdechaux/miniconda3/envs/pt_env/lib/python3.10/site-packages (from medkit-lib>=0.17.0->-r requirements.txt (line 18)) (0.13.1)
Requirement already satisfied: aiohappyeyeballs>=2.5.0 in /home/cdechaux/miniconda3/envs/pt_env/lib/python3.10/site-packages (from aiohttp!=4.0.0a0,!=4.0.0a1->fsspec[http]<=2025.3.0,>=2023.1.0->datasets->-r requirements.txt (line 15)) (2.6.1)
Requirement already satisfied: aiosignal>=1.4.0 in /home/cdechaux/miniconda3/envs/pt_env/lib/python3.10/site-packages (from aiohttp!=4.0.0a0,!=4.0.0a1->fsspec[http]<=2025.3.0,>=2023.1.0->datasets->-r requirements.txt (line 15)) (1.4.0)
Requirement already satisfied: async-timeout<6.0,>=4.0 in /home/cdechaux/miniconda3/envs/pt_env/lib/python3.10/site-packages (from aiohttp!=4.0.0a0,!=4.0.0a1->fsspec[http]<=2025.3.0,>=2023.1.0->datasets->-r requirements.txt (line 15)) (5.0.1)
Requirement already satisfied: attrs>=17.3.0 in /home/cdechaux/miniconda3/envs/pt_env/lib/python3.10/site-packages (from aiohttp!=4.0.0a0,!=4.0.0a1->fsspec[http]<=2025.3.0,>=2023.1.0->datasets->-r requirements.txt (line 15)) (25.3.0)
Requirement already satisfied: frozenlist>=1.1.1 in /home/cdechaux/miniconda3/envs/pt_env/lib/python3.10/site-packages (from aiohttp!=4.0.0a0,!=4.0.0a1->fsspec[http]<=2025.3.0,>=2023.1.0->datasets->-r requirements.txt (line 15)) (1.7.0)
Requirement already satisfied: multidict<7.0,>=4.5 in /home/cdechaux/miniconda3/envs/pt_env/lib/python3.10/site-packages (from aiohttp!=4.0.0a0,!=4.0.0a1->fsspec[http]<=2025.3.0,>=2023.1.0->datasets->-r requirements.txt (line 15)) (6.6.4)
Requirement already satisfied: propcache>=0.2.0 in /home/cdechaux/miniconda3/envs/pt_env/lib/python3.10/site-packages (from aiohttp!=4.0.0a0,!=4.0.0a1->fsspec[http]<=2025.3.0,>=2023.1.0->datasets->-r requirements.txt (line 15)) (0.3.2)
Requirement already satisfied: yarl<2.0,>=1.17.0 in /home/cdechaux/miniconda3/envs/pt_env/lib/python3.10/site-packages (from aiohttp!=4.0.0a0,!=4.0.0a1->fsspec[http]<=2025.3.0,>=2023.1.0->datasets->-r requirements.txt (line 15)) (1.20.1)
Requirement already satisfied: idna>=2.0 in /home/cdechaux/miniconda3/envs/pt_env/lib/python3.10/site-packages (from yarl<2.0,>=1.17.0->aiohttp!=4.0.0a0,!=4.0.0a1->fsspec[http]<=2025.3.0,>=2023.1.0->datasets->-r requirements.txt (line 15)) (3.10)
Requirement already satisfied: six>=1.5 in /home/cdechaux/miniconda3/envs/pt_env/lib/python3.10/site-packages (from python-dateutil>=2.8.2->pandas<3.0,>=2.2->-r requirements.txt (line 3)) (1.17.0)
Requirement already satisfied: charset_normalizer<4,>=2 in /home/cdechaux/miniconda3/envs/pt_env/lib/python3.10/site-packages (from requests->transformers<5.0,>=4.43->-r requirements.txt (line 10)) (3.4.3)
Requirement already satisfied: urllib3<3,>=1.21.1 in /home/cdechaux/miniconda3/envs/pt_env/lib/python3.10/site-packages (from requests->transformers<5.0,>=4.43->-r requirements.txt (line 10)) (2.5.0)
Requirement already satisfied: certifi>=2017.4.17 in /home/cdechaux/miniconda3/envs/pt_env/lib/python3.10/site-packages (from requests->transformers<5.0,>=4.43->-r requirements.txt (line 10)) (2025.8.3)
Requirement already satisfied: sortedcontainers<3.0,>=2.0 in /home/cdechaux/miniconda3/envs/pt_env/lib/python3.10/site-packages (from intervaltree->medkit-lib>=0.17.0->-r requirements.txt (line 18)) (2.4.0)
Requirement already satisfied: MarkupSafe>=2.0 in /home/cdechaux/miniconda3/envs/pt_env/lib/python3.10/site-packages (from jinja2->torch<2.6,>=2.4->-r requirements.txt (line 9)) (3.0.2)
Requirement already satisfied: wrapt in /home/cdechaux/miniconda3/envs/pt_env/lib/python3.10/site-packages (from smart-open->medkit-lib>=0.17.0->-r requirements.txt (line 18)) (1.17.3)
Requirement already satisfied: cffi>=1.0 in /home/cdechaux/miniconda3/envs/pt_env/lib/python3.10/site-packages (from soundfile->medkit-lib>=0.17.0->-r requirements.txt (line 18)) (2.0.0)
Requirement already satisfied: pycparser in /home/cdechaux/miniconda3/envs/pt_env/lib/python3.10/site-packages (from cffi>=1.0->soundfile->medkit-lib>=0.17.0->-r requirements.txt (line 18)) (2.23)
/home/cdechaux/miniconda3/envs/pt_env/lib/python3.10/site-packages/transformers/utils/hub.py:127: FutureWarning: Using `TRANSFORMERS_CACHE` is deprecated and will be removed in v5 of Transformers. Use `HF_HOME` instead.
  warnings.warn(
Downloading shards:   0%|          | 0/3 [00:00<?, ?it/s]Downloading shards: 100%|██████████| 3/3 [00:00<00:00, 678.87it/s]
Loading checkpoint shards:   0%|          | 0/3 [00:00<?, ?it/s]Loading checkpoint shards:  33%|███▎      | 1/3 [01:36<03:13, 96.88s/it]Loading checkpoint shards:  67%|██████▋   | 2/3 [03:04<01:31, 91.20s/it]Loading checkpoint shards: 100%|██████████| 3/3 [04:26<00:00, 87.30s/it]Loading checkpoint shards: 100%|██████████| 3/3 [04:26<00:00, 88.92s/it]
Some weights of CamembertModel were not initialized from the model checkpoint at almanach/camembert-bio-base and are newly initialized: ['roberta.pooler.dense.bias', 'roberta.pooler.dense.weight']
You should probably TRAIN this model on a down-stream task to be able to use it for predictions and inference.
[OK] Documents: 16000 | DP prédits: 16000 | sortie: data/pred.csv
