==========================================
SLURM_JOB_ID = 4273180
SLURM_JOB_NODELIST = gpu015
==========================================
/var/spool/slurm/d/job4273180/slurm_script: line 23: .venv/bin/activate: No such file or directory
Requirement already satisfied: numpy<3.0,>=1.26 in /home/cdechaux/miniconda3/lib/python3.13/site-packages (from -r requirements.txt (line 2)) (2.3.2)
Requirement already satisfied: pandas<3.0,>=2.2 in /home/cdechaux/miniconda3/lib/python3.13/site-packages (from -r requirements.txt (line 3)) (2.3.2)
Collecting scikit-learn<1.6,>=1.4 (from -r requirements.txt (line 4))
  Using cached scikit_learn-1.5.2-cp313-cp313-manylinux_2_17_x86_64.manylinux2014_x86_64.whl.metadata (13 kB)
Collecting joblib<2.0,>=1.3 (from -r requirements.txt (line 5))
  Using cached joblib-1.5.2-py3-none-any.whl.metadata (5.6 kB)
Requirement already satisfied: tqdm<5.0,>=4.66 in /home/cdechaux/miniconda3/lib/python3.13/site-packages (from -r requirements.txt (line 6)) (4.67.1)
Collecting torch<2.6,>=2.4 (from -r requirements.txt (line 9))
  Using cached torch-2.5.1-cp313-cp313-manylinux1_x86_64.whl.metadata (28 kB)
Requirement already satisfied: transformers<5.0,>=4.43 in /home/cdechaux/miniconda3/lib/python3.13/site-packages (from -r requirements.txt (line 10)) (4.55.4)
Collecting accelerate<1.0,>=0.31 (from -r requirements.txt (line 11))
  Using cached accelerate-0.34.2-py3-none-any.whl.metadata (19 kB)
Requirement already satisfied: safetensors<1.0,>=0.4 in /home/cdechaux/miniconda3/lib/python3.13/site-packages (from -r requirements.txt (line 12)) (0.6.2)
Collecting tokenizers<0.20,>=0.15 (from -r requirements.txt (line 13))
  Using cached tokenizers-0.19.1.tar.gz (321 kB)
  Installing build dependencies: started
  Installing build dependencies: finished with status 'done'
  Getting requirements to build wheel: started
  Getting requirements to build wheel: finished with status 'done'
  Installing backend dependencies: started
  Installing backend dependencies: finished with status 'done'
  Preparing metadata (pyproject.toml): started
  Preparing metadata (pyproject.toml): finished with status 'done'
Requirement already satisfied: sentencepiece>=0.1.99 in /home/cdechaux/miniconda3/lib/python3.13/site-packages (from -r requirements.txt (line 14)) (0.2.1)
Requirement already satisfied: datasets in /home/cdechaux/miniconda3/lib/python3.13/site-packages (from -r requirements.txt (line 15)) (4.0.0)
Collecting medkit-lib>=0.17.0 (from -r requirements.txt (line 18))
  Using cached medkit_lib-0.17.0-py3-none-any.whl.metadata (12 kB)
Requirement already satisfied: python-dateutil>=2.8.2 in /home/cdechaux/miniconda3/lib/python3.13/site-packages (from pandas<3.0,>=2.2->-r requirements.txt (line 3)) (2.9.0.post0)
Requirement already satisfied: pytz>=2020.1 in /home/cdechaux/miniconda3/lib/python3.13/site-packages (from pandas<3.0,>=2.2->-r requirements.txt (line 3)) (2025.2)
Requirement already satisfied: tzdata>=2022.7 in /home/cdechaux/miniconda3/lib/python3.13/site-packages (from pandas<3.0,>=2.2->-r requirements.txt (line 3)) (2025.2)
Collecting scipy>=1.6.0 (from scikit-learn<1.6,>=1.4->-r requirements.txt (line 4))
  Using cached scipy-1.16.2-cp313-cp313-manylinux2014_x86_64.manylinux_2_17_x86_64.whl.metadata (62 kB)
Collecting threadpoolctl>=3.1.0 (from scikit-learn<1.6,>=1.4->-r requirements.txt (line 4))
  Using cached threadpoolctl-3.6.0-py3-none-any.whl.metadata (13 kB)
Requirement already satisfied: filelock in /home/cdechaux/miniconda3/lib/python3.13/site-packages (from torch<2.6,>=2.4->-r requirements.txt (line 9)) (3.19.1)
Requirement already satisfied: typing-extensions>=4.8.0 in /home/cdechaux/miniconda3/lib/python3.13/site-packages (from torch<2.6,>=2.4->-r requirements.txt (line 9)) (4.12.2)
Requirement already satisfied: networkx in /home/cdechaux/miniconda3/lib/python3.13/site-packages (from torch<2.6,>=2.4->-r requirements.txt (line 9)) (3.5)
Requirement already satisfied: jinja2 in /home/cdechaux/miniconda3/lib/python3.13/site-packages (from torch<2.6,>=2.4->-r requirements.txt (line 9)) (3.1.6)
Requirement already satisfied: fsspec in /home/cdechaux/miniconda3/lib/python3.13/site-packages (from torch<2.6,>=2.4->-r requirements.txt (line 9)) (2025.3.0)
Collecting nvidia-cuda-nvrtc-cu12==12.4.127 (from torch<2.6,>=2.4->-r requirements.txt (line 9))
  Using cached nvidia_cuda_nvrtc_cu12-12.4.127-py3-none-manylinux2014_x86_64.whl.metadata (1.5 kB)
Collecting nvidia-cuda-runtime-cu12==12.4.127 (from torch<2.6,>=2.4->-r requirements.txt (line 9))
  Using cached nvidia_cuda_runtime_cu12-12.4.127-py3-none-manylinux2014_x86_64.whl.metadata (1.5 kB)
Collecting nvidia-cuda-cupti-cu12==12.4.127 (from torch<2.6,>=2.4->-r requirements.txt (line 9))
  Using cached nvidia_cuda_cupti_cu12-12.4.127-py3-none-manylinux2014_x86_64.whl.metadata (1.6 kB)
Collecting nvidia-cudnn-cu12==9.1.0.70 (from torch<2.6,>=2.4->-r requirements.txt (line 9))
  Using cached nvidia_cudnn_cu12-9.1.0.70-py3-none-manylinux2014_x86_64.whl.metadata (1.6 kB)
Collecting nvidia-cublas-cu12==12.4.5.8 (from torch<2.6,>=2.4->-r requirements.txt (line 9))
  Using cached nvidia_cublas_cu12-12.4.5.8-py3-none-manylinux2014_x86_64.whl.metadata (1.5 kB)
Collecting nvidia-cufft-cu12==11.2.1.3 (from torch<2.6,>=2.4->-r requirements.txt (line 9))
  Using cached nvidia_cufft_cu12-11.2.1.3-py3-none-manylinux2014_x86_64.whl.metadata (1.5 kB)
Collecting nvidia-curand-cu12==10.3.5.147 (from torch<2.6,>=2.4->-r requirements.txt (line 9))
  Using cached nvidia_curand_cu12-10.3.5.147-py3-none-manylinux2014_x86_64.whl.metadata (1.5 kB)
Collecting nvidia-cusolver-cu12==11.6.1.9 (from torch<2.6,>=2.4->-r requirements.txt (line 9))
  Using cached nvidia_cusolver_cu12-11.6.1.9-py3-none-manylinux2014_x86_64.whl.metadata (1.6 kB)
Collecting nvidia-cusparse-cu12==12.3.1.170 (from torch<2.6,>=2.4->-r requirements.txt (line 9))
  Using cached nvidia_cusparse_cu12-12.3.1.170-py3-none-manylinux2014_x86_64.whl.metadata (1.6 kB)
Collecting nvidia-nccl-cu12==2.21.5 (from torch<2.6,>=2.4->-r requirements.txt (line 9))
  Using cached nvidia_nccl_cu12-2.21.5-py3-none-manylinux2014_x86_64.whl.metadata (1.8 kB)
Collecting nvidia-nvtx-cu12==12.4.127 (from torch<2.6,>=2.4->-r requirements.txt (line 9))
  Using cached nvidia_nvtx_cu12-12.4.127-py3-none-manylinux2014_x86_64.whl.metadata (1.7 kB)
Collecting nvidia-nvjitlink-cu12==12.4.127 (from torch<2.6,>=2.4->-r requirements.txt (line 9))
  Using cached nvidia_nvjitlink_cu12-12.4.127-py3-none-manylinux2014_x86_64.whl.metadata (1.5 kB)
Requirement already satisfied: setuptools in /home/cdechaux/miniconda3/lib/python3.13/site-packages (from torch<2.6,>=2.4->-r requirements.txt (line 9)) (78.1.1)
Collecting sympy==1.13.1 (from torch<2.6,>=2.4->-r requirements.txt (line 9))
  Using cached sympy-1.13.1-py3-none-any.whl.metadata (12 kB)
Requirement already satisfied: mpmath<1.4,>=1.1.0 in /home/cdechaux/miniconda3/lib/python3.13/site-packages (from sympy==1.13.1->torch<2.6,>=2.4->-r requirements.txt (line 9)) (1.3.0)
Requirement already satisfied: huggingface-hub<1.0,>=0.34.0 in /home/cdechaux/miniconda3/lib/python3.13/site-packages (from transformers<5.0,>=4.43->-r requirements.txt (line 10)) (0.34.4)
Requirement already satisfied: packaging>=20.0 in /home/cdechaux/miniconda3/lib/python3.13/site-packages (from transformers<5.0,>=4.43->-r requirements.txt (line 10)) (25.0)
Requirement already satisfied: pyyaml>=5.1 in /home/cdechaux/miniconda3/lib/python3.13/site-packages (from transformers<5.0,>=4.43->-r requirements.txt (line 10)) (6.0.2)
Requirement already satisfied: regex!=2019.12.17 in /home/cdechaux/miniconda3/lib/python3.13/site-packages (from transformers<5.0,>=4.43->-r requirements.txt (line 10)) (2025.7.34)
Requirement already satisfied: requests in /home/cdechaux/miniconda3/lib/python3.13/site-packages (from transformers<5.0,>=4.43->-r requirements.txt (line 10)) (2.32.4)
INFO: pip is looking at multiple versions of transformers to determine which version is compatible with other requirements. This could take a while.
Collecting transformers<5.0,>=4.43 (from -r requirements.txt (line 10))
  Using cached transformers-4.56.2-py3-none-any.whl.metadata (40 kB)
  Using cached transformers-4.56.1-py3-none-any.whl.metadata (42 kB)
  Using cached transformers-4.56.0-py3-none-any.whl.metadata (40 kB)
  Using cached transformers-4.55.3-py3-none-any.whl.metadata (41 kB)
  Using cached transformers-4.55.2-py3-none-any.whl.metadata (41 kB)
  Using cached transformers-4.55.1-py3-none-any.whl.metadata (41 kB)
  Using cached transformers-4.55.0-py3-none-any.whl.metadata (39 kB)
INFO: pip is still looking at multiple versions of transformers to determine which version is compatible with other requirements. This could take a while.
  Using cached transformers-4.54.1-py3-none-any.whl.metadata (41 kB)
  Using cached transformers-4.54.0-py3-none-any.whl.metadata (41 kB)
  Using cached transformers-4.53.3-py3-none-any.whl.metadata (40 kB)
  Using cached transformers-4.53.2-py3-none-any.whl.metadata (40 kB)
  Using cached transformers-4.53.1-py3-none-any.whl.metadata (40 kB)
INFO: This is taking longer than usual. You might need to provide the dependency resolver with stricter constraints to reduce runtime. See https://pip.pypa.io/warnings/backtracking for guidance. If you want to abort this run, press Ctrl + C.
  Using cached transformers-4.53.0-py3-none-any.whl.metadata (39 kB)
  Using cached transformers-4.52.4-py3-none-any.whl.metadata (38 kB)
  Using cached transformers-4.52.3-py3-none-any.whl.metadata (40 kB)
  Using cached transformers-4.52.2-py3-none-any.whl.metadata (40 kB)
  Using cached transformers-4.52.1-py3-none-any.whl.metadata (38 kB)
  Using cached transformers-4.51.3-py3-none-any.whl.metadata (38 kB)
  Using cached transformers-4.51.2-py3-none-any.whl.metadata (38 kB)
  Using cached transformers-4.51.1-py3-none-any.whl.metadata (38 kB)
  Using cached transformers-4.51.0-py3-none-any.whl.metadata (38 kB)
  Using cached transformers-4.50.3-py3-none-any.whl.metadata (39 kB)
  Using cached transformers-4.50.2-py3-none-any.whl.metadata (39 kB)
  Using cached transformers-4.50.1-py3-none-any.whl.metadata (39 kB)
  Using cached transformers-4.50.0-py3-none-any.whl.metadata (39 kB)
  Using cached transformers-4.49.0-py3-none-any.whl.metadata (44 kB)
  Using cached transformers-4.48.3-py3-none-any.whl.metadata (44 kB)
  Using cached transformers-4.48.2-py3-none-any.whl.metadata (44 kB)
  Using cached transformers-4.48.1-py3-none-any.whl.metadata (44 kB)
  Using cached transformers-4.48.0-py3-none-any.whl.metadata (44 kB)
  Using cached transformers-4.47.1-py3-none-any.whl.metadata (44 kB)
  Using cached transformers-4.47.0-py3-none-any.whl.metadata (43 kB)
  Using cached transformers-4.46.3-py3-none-any.whl.metadata (44 kB)
  Using cached transformers-4.46.2-py3-none-any.whl.metadata (44 kB)
  Using cached transformers-4.46.1-py3-none-any.whl.metadata (44 kB)
  Using cached transformers-4.45.2-py3-none-any.whl.metadata (44 kB)
  Using cached transformers-4.45.1-py3-none-any.whl.metadata (44 kB)
  Using cached transformers-4.45.0-py3-none-any.whl.metadata (44 kB)
  Using cached transformers-4.44.2-py3-none-any.whl.metadata (43 kB)
Requirement already satisfied: psutil in /home/cdechaux/miniconda3/lib/python3.13/site-packages (from accelerate<1.0,>=0.31->-r requirements.txt (line 11)) (7.0.0)
Requirement already satisfied: hf-xet<2.0.0,>=1.1.3 in /home/cdechaux/miniconda3/lib/python3.13/site-packages (from huggingface-hub<1.0,>=0.34.0->transformers<5.0,>=4.43->-r requirements.txt (line 10)) (1.1.9)
Requirement already satisfied: pyarrow>=15.0.0 in /home/cdechaux/miniconda3/lib/python3.13/site-packages (from datasets->-r requirements.txt (line 15)) (21.0.0)
Requirement already satisfied: dill<0.3.9,>=0.3.0 in /home/cdechaux/miniconda3/lib/python3.13/site-packages (from datasets->-r requirements.txt (line 15)) (0.3.8)
Requirement already satisfied: xxhash in /home/cdechaux/miniconda3/lib/python3.13/site-packages (from datasets->-r requirements.txt (line 15)) (3.5.0)
Requirement already satisfied: multiprocess<0.70.17 in /home/cdechaux/miniconda3/lib/python3.13/site-packages (from datasets->-r requirements.txt (line 15)) (0.70.16)
Requirement already satisfied: aiohttp!=4.0.0a0,!=4.0.0a1 in /home/cdechaux/miniconda3/lib/python3.13/site-packages (from fsspec[http]<=2025.3.0,>=2023.1.0->datasets->-r requirements.txt (line 15)) (3.12.15)
Collecting anyascii (from medkit-lib>=0.17.0->-r requirements.txt (line 18))
  Using cached anyascii-0.3.3-py3-none-any.whl.metadata (1.6 kB)
Collecting duptextfinder>=0.3.0 (from medkit-lib>=0.17.0->-r requirements.txt (line 18))
  Using cached duptextfinder-0.3.0-py3-none-any.whl.metadata (2.9 kB)
Collecting flashtext>=2.7 (from medkit-lib>=0.17.0->-r requirements.txt (line 18))
  Using cached flashtext-2.7-py2.py3-none-any.whl
Collecting intervaltree (from medkit-lib>=0.17.0->-r requirements.txt (line 18))
  Using cached intervaltree-3.1.0-py2.py3-none-any.whl
Collecting pyaml (from medkit-lib>=0.17.0->-r requirements.txt (line 18))
  Using cached pyaml-25.7.0-py3-none-any.whl.metadata (12 kB)
Collecting pysimstring (from medkit-lib>=0.17.0->-r requirements.txt (line 18))
  Using cached pysimstring-1.3.0-cp313-cp313-manylinux_2_17_x86_64.manylinux2014_x86_64.whl.metadata (931 bytes)
Collecting smart-open (from medkit-lib>=0.17.0->-r requirements.txt (line 18))
  Using cached smart_open-7.3.1-py3-none-any.whl.metadata (24 kB)
Collecting soundfile (from medkit-lib>=0.17.0->-r requirements.txt (line 18))
  Using cached soundfile-0.13.1-py2.py3-none-manylinux_2_28_x86_64.whl.metadata (16 kB)
Requirement already satisfied: aiohappyeyeballs>=2.5.0 in /home/cdechaux/miniconda3/lib/python3.13/site-packages (from aiohttp!=4.0.0a0,!=4.0.0a1->fsspec[http]<=2025.3.0,>=2023.1.0->datasets->-r requirements.txt (line 15)) (2.6.1)
Requirement already satisfied: aiosignal>=1.4.0 in /home/cdechaux/miniconda3/lib/python3.13/site-packages (from aiohttp!=4.0.0a0,!=4.0.0a1->fsspec[http]<=2025.3.0,>=2023.1.0->datasets->-r requirements.txt (line 15)) (1.4.0)
Requirement already satisfied: attrs>=17.3.0 in /home/cdechaux/miniconda3/lib/python3.13/site-packages (from aiohttp!=4.0.0a0,!=4.0.0a1->fsspec[http]<=2025.3.0,>=2023.1.0->datasets->-r requirements.txt (line 15)) (25.3.0)
Requirement already satisfied: frozenlist>=1.1.1 in /home/cdechaux/miniconda3/lib/python3.13/site-packages (from aiohttp!=4.0.0a0,!=4.0.0a1->fsspec[http]<=2025.3.0,>=2023.1.0->datasets->-r requirements.txt (line 15)) (1.7.0)
Requirement already satisfied: multidict<7.0,>=4.5 in /home/cdechaux/miniconda3/lib/python3.13/site-packages (from aiohttp!=4.0.0a0,!=4.0.0a1->fsspec[http]<=2025.3.0,>=2023.1.0->datasets->-r requirements.txt (line 15)) (6.6.4)
Requirement already satisfied: propcache>=0.2.0 in /home/cdechaux/miniconda3/lib/python3.13/site-packages (from aiohttp!=4.0.0a0,!=4.0.0a1->fsspec[http]<=2025.3.0,>=2023.1.0->datasets->-r requirements.txt (line 15)) (0.3.2)
Requirement already satisfied: yarl<2.0,>=1.17.0 in /home/cdechaux/miniconda3/lib/python3.13/site-packages (from aiohttp!=4.0.0a0,!=4.0.0a1->fsspec[http]<=2025.3.0,>=2023.1.0->datasets->-r requirements.txt (line 15)) (1.20.1)
Requirement already satisfied: idna>=2.0 in /home/cdechaux/miniconda3/lib/python3.13/site-packages (from yarl<2.0,>=1.17.0->aiohttp!=4.0.0a0,!=4.0.0a1->fsspec[http]<=2025.3.0,>=2023.1.0->datasets->-r requirements.txt (line 15)) (3.7)
Requirement already satisfied: six>=1.5 in /home/cdechaux/miniconda3/lib/python3.13/site-packages (from python-dateutil>=2.8.2->pandas<3.0,>=2.2->-r requirements.txt (line 3)) (1.17.0)
Requirement already satisfied: charset_normalizer<4,>=2 in /home/cdechaux/miniconda3/lib/python3.13/site-packages (from requests->transformers<5.0,>=4.43->-r requirements.txt (line 10)) (3.3.2)
Requirement already satisfied: urllib3<3,>=1.21.1 in /home/cdechaux/miniconda3/lib/python3.13/site-packages (from requests->transformers<5.0,>=4.43->-r requirements.txt (line 10)) (2.5.0)
Requirement already satisfied: certifi>=2017.4.17 in /home/cdechaux/miniconda3/lib/python3.13/site-packages (from requests->transformers<5.0,>=4.43->-r requirements.txt (line 10)) (2025.8.3)
Collecting sortedcontainers<3.0,>=2.0 (from intervaltree->medkit-lib>=0.17.0->-r requirements.txt (line 18))
  Using cached sortedcontainers-2.4.0-py2.py3-none-any.whl.metadata (10 kB)
Requirement already satisfied: MarkupSafe>=2.0 in /home/cdechaux/miniconda3/lib/python3.13/site-packages (from jinja2->torch<2.6,>=2.4->-r requirements.txt (line 9)) (3.0.2)
Collecting wrapt (from smart-open->medkit-lib>=0.17.0->-r requirements.txt (line 18))
  Using cached wrapt-1.17.3-cp313-cp313-manylinux1_x86_64.manylinux_2_28_x86_64.manylinux_2_5_x86_64.whl.metadata (6.4 kB)
Requirement already satisfied: cffi>=1.0 in /home/cdechaux/miniconda3/lib/python3.13/site-packages (from soundfile->medkit-lib>=0.17.0->-r requirements.txt (line 18)) (1.17.1)
Requirement already satisfied: pycparser in /home/cdechaux/miniconda3/lib/python3.13/site-packages (from cffi>=1.0->soundfile->medkit-lib>=0.17.0->-r requirements.txt (line 18)) (2.21)
Using cached scikit_learn-1.5.2-cp313-cp313-manylinux_2_17_x86_64.manylinux2014_x86_64.whl (13.0 MB)
Using cached joblib-1.5.2-py3-none-any.whl (308 kB)
Using cached torch-2.5.1-cp313-cp313-manylinux1_x86_64.whl (906.4 MB)
Using cached nvidia_cublas_cu12-12.4.5.8-py3-none-manylinux2014_x86_64.whl (363.4 MB)
Using cached nvidia_cuda_cupti_cu12-12.4.127-py3-none-manylinux2014_x86_64.whl (13.8 MB)
Using cached nvidia_cuda_nvrtc_cu12-12.4.127-py3-none-manylinux2014_x86_64.whl (24.6 MB)
Using cached nvidia_cuda_runtime_cu12-12.4.127-py3-none-manylinux2014_x86_64.whl (883 kB)
Using cached nvidia_cudnn_cu12-9.1.0.70-py3-none-manylinux2014_x86_64.whl (664.8 MB)
Using cached nvidia_cufft_cu12-11.2.1.3-py3-none-manylinux2014_x86_64.whl (211.5 MB)
Using cached nvidia_curand_cu12-10.3.5.147-py3-none-manylinux2014_x86_64.whl (56.3 MB)
Using cached nvidia_cusolver_cu12-11.6.1.9-py3-none-manylinux2014_x86_64.whl (127.9 MB)
Using cached nvidia_cusparse_cu12-12.3.1.170-py3-none-manylinux2014_x86_64.whl (207.5 MB)
Using cached nvidia_nccl_cu12-2.21.5-py3-none-manylinux2014_x86_64.whl (188.7 MB)
Using cached nvidia_nvjitlink_cu12-12.4.127-py3-none-manylinux2014_x86_64.whl (21.1 MB)
Using cached nvidia_nvtx_cu12-12.4.127-py3-none-manylinux2014_x86_64.whl (99 kB)
Using cached sympy-1.13.1-py3-none-any.whl (6.2 MB)
Using cached transformers-4.44.2-py3-none-any.whl (9.5 MB)
Using cached accelerate-0.34.2-py3-none-any.whl (324 kB)
Using cached medkit_lib-0.17.0-py3-none-any.whl (286 kB)
Using cached duptextfinder-0.3.0-py3-none-any.whl (17 kB)
Using cached scipy-1.16.2-cp313-cp313-manylinux2014_x86_64.manylinux_2_17_x86_64.whl (35.7 MB)
Using cached threadpoolctl-3.6.0-py3-none-any.whl (18 kB)
Using cached anyascii-0.3.3-py3-none-any.whl (345 kB)
Using cached sortedcontainers-2.4.0-py2.py3-none-any.whl (29 kB)
Using cached pyaml-25.7.0-py3-none-any.whl (26 kB)
Using cached pysimstring-1.3.0-cp313-cp313-manylinux_2_17_x86_64.manylinux2014_x86_64.whl (1.5 MB)
Using cached smart_open-7.3.1-py3-none-any.whl (61 kB)
Using cached soundfile-0.13.1-py2.py3-none-manylinux_2_28_x86_64.whl (1.3 MB)
Using cached wrapt-1.17.3-cp313-cp313-manylinux1_x86_64.manylinux_2_28_x86_64.manylinux_2_5_x86_64.whl (88 kB)
Building wheels for collected packages: tokenizers
  Building wheel for tokenizers (pyproject.toml): started
  Building wheel for tokenizers (pyproject.toml): finished with status 'error'
  error: subprocess-exited-with-error
  
  × Building wheel for tokenizers (pyproject.toml) did not run successfully.
  │ exit code: 1
  ╰─> [81 lines of output]
      Running `maturin pep517 build-wheel -i /home/cdechaux/miniconda3/bin/python3.13 --compatibility off`
      Python reports SOABI: cpython-313-x86_64-linux-gnu
      Computed rustc target triple: x86_64-unknown-linux-gnu
      Installation directory: /home/cdechaux/.cache/puccinialin
      Rustup already downloaded
      Installing rust to /home/cdechaux/.cache/puccinialin/rustup
      warn: It looks like you have an existing rustup settings file at:
      warn: /home/cdechaux/.rustup/settings.toml
      warn: Rustup will install the default toolchain as specified in the settings file,
      warn: instead of the one inferred from the default host triple.
      info: profile set to 'minimal'
      info: default host triple is x86_64-unknown-linux-gnu
      warn: Updating existing toolchain, profile choice will be ignored
      info: syncing channel updates for 'stable-x86_64-unknown-linux-gnu'
      info: default toolchain set to 'stable-x86_64-unknown-linux-gnu'
      Checking if cargo is installed
      cargo 1.90.0 (840b83a10 2025-07-30)
      ⚠️  Warning: `project.version` field is required in pyproject.toml unless it is present in the `project.dynamic` list
      🍹 Building a mixed python/rust project
      🔗 Found pyo3 bindings
      🐍 Found CPython 3.13 at /home/cdechaux/miniconda3/bin/python3.13
      📡 Using build options features, bindings from pyproject.toml
         Compiling proc-macro2 v1.0.81
         Compiling unicode-ident v1.0.12
         Compiling autocfg v1.2.0
         Compiling target-lexicon v0.12.14
         Compiling libc v0.2.153
         Compiling once_cell v1.19.0
         Compiling cfg-if v1.0.0
         Compiling crossbeam-utils v0.8.19
         Compiling memchr v2.7.2
         Compiling cc v1.0.94
         Compiling ident_case v1.0.1
         Compiling fnv v1.0.7
         Compiling strsim v0.10.0
         Compiling num-traits v0.2.18
         Compiling smallvec v1.13.2
         Compiling portable-atomic v1.6.0
         Compiling pyo3-build-config v0.21.2
         Compiling serde v1.0.198
         Compiling quote v1.0.36
         Compiling crossbeam-epoch v0.9.18
         Compiling aho-corasick v1.1.3
         Compiling syn v2.0.60
         Compiling lock_api v0.4.11
         Compiling parking_lot_core v0.9.9
         Compiling either v1.11.0
         Compiling pkg-config v0.3.30
         Compiling regex-syntax v0.8.3
         Compiling rayon-core v1.12.1
         Compiling crossbeam-deque v0.8.5
         Compiling getrandom v0.2.14
         Compiling onig_sys v69.8.1
         Compiling matrixmultiply v0.3.8
         Compiling memoffset v0.9.1
         Compiling paste v1.0.14
         Compiling pyo3-ffi v0.21.2
         Compiling heck v0.4.1
         Compiling scopeguard v1.2.0
      error: failed to run custom build command for `pyo3-ffi v0.21.2`
      
      Caused by:
        process didn't exit successfully: `/tmp/pip-install-c_djd4di/tokenizers_64b12fc43af54d44aa5ee9199ae4cea9/bindings/python/target/release/build/pyo3-ffi-6b926e6b725f39bd/build-script-build` (exit status: 1)
        --- stdout
        cargo:rerun-if-env-changed=PYO3_CROSS
        cargo:rerun-if-env-changed=PYO3_CROSS_LIB_DIR
        cargo:rerun-if-env-changed=PYO3_CROSS_PYTHON_VERSION
        cargo:rerun-if-env-changed=PYO3_CROSS_PYTHON_IMPLEMENTATION
        cargo:rerun-if-env-changed=PYO3_PRINT_CONFIG
        cargo:rerun-if-env-changed=PYO3_USE_ABI3_FORWARD_COMPATIBILITY
      
        --- stderr
        error: the configured Python interpreter version (3.13) is newer than PyO3's maximum supported version (3.12)
        = help: please check if an updated version of PyO3 is available. Current version: 0.21.2
        = help: set PYO3_USE_ABI3_FORWARD_COMPATIBILITY=1 to suppress this check and build anyway using the stable ABI
      warning: build failed, waiting for other jobs to finish...
      💥 maturin failed
        Caused by: Failed to build a native library through cargo
        Caused by: Cargo build finished with "exit status: 101": `env -u CARGO PYO3_BUILD_EXTENSION_MODULE="1" PYO3_ENVIRONMENT_SIGNATURE="cpython-3.13-64bit" PYO3_PYTHON="/home/cdechaux/miniconda3/bin/python3.13" PYTHON_SYS_EXECUTABLE="/home/cdechaux/miniconda3/bin/python3.13" "cargo" "rustc" "--features" "pyo3/extension-module" "--message-format" "json-render-diagnostics" "--manifest-path" "/tmp/pip-install-c_djd4di/tokenizers_64b12fc43af54d44aa5ee9199ae4cea9/bindings/python/Cargo.toml" "--release" "--lib"`
      Rust not found, installing into a temporary directory
      Error: command ['maturin', 'pep517', 'build-wheel', '-i', '/home/cdechaux/miniconda3/bin/python3.13', '--compatibility', 'off'] returned non-zero exit status 1
      [end of output]
  
  note: This error originates from a subprocess, and is likely not a problem with pip.
  ERROR: Failed building wheel for tokenizers
Failed to build tokenizers
ERROR: Failed to build installable wheels for some pyproject.toml based projects (tokenizers)
Traceback (most recent call last):
  File "/home/cdechaux/Hackathon_SeminaireSanteNumerique_2025_2/scripts/run_pipeline.py", line 14, in <module>
    from medkit.core.pipeline import Pipeline, PipelineStep
ModuleNotFoundError: No module named 'medkit'
