==========================================
SLURM_JOB_ID = 4273170
SLURM_JOB_NODELIST = gpu011
==========================================
/var/spool/slurm/d/job4273170/slurm_script: line 14: cd: /home/cdechaux/cleps-examples/mpi/Hackathon_SeminaireSanteNumerique_2025_2: No such file or directory
/var/spool/slurm/d/job4273170/slurm_script: line 23: .venv/bin/activate: No such file or directory
Requirement already satisfied: numpy<3.0,>=1.26 in /home/cdechaux/miniconda3/lib/python3.13/site-packages (from -r requirements.txt (line 2)) (2.3.2)
Requirement already satisfied: pandas<3.0,>=2.2 in /home/cdechaux/miniconda3/lib/python3.13/site-packages (from -r requirements.txt (line 3)) (2.3.2)
Collecting scikit-learn<1.6,>=1.4 (from -r requirements.txt (line 4))
  Downloading scikit_learn-1.5.2-cp313-cp313-manylinux_2_17_x86_64.manylinux2014_x86_64.whl.metadata (13 kB)
Collecting joblib<2.0,>=1.3 (from -r requirements.txt (line 5))
  Using cached joblib-1.5.2-py3-none-any.whl.metadata (5.6 kB)
Requirement already satisfied: tqdm<5.0,>=4.66 in /home/cdechaux/miniconda3/lib/python3.13/site-packages (from -r requirements.txt (line 6)) (4.67.1)
Collecting torch<2.6,>=2.4 (from -r requirements.txt (line 9))
  Downloading torch-2.5.1-cp313-cp313-manylinux1_x86_64.whl.metadata (28 kB)
Requirement already satisfied: transformers<5.0,>=4.43 in /home/cdechaux/miniconda3/lib/python3.13/site-packages (from -r requirements.txt (line 10)) (4.55.4)
Collecting accelerate<1.0,>=0.31 (from -r requirements.txt (line 11))
  Downloading accelerate-0.34.2-py3-none-any.whl.metadata (19 kB)
Requirement already satisfied: safetensors<1.0,>=0.4 in /home/cdechaux/miniconda3/lib/python3.13/site-packages (from -r requirements.txt (line 12)) (0.6.2)
Collecting tokenizers<0.20,>=0.15 (from -r requirements.txt (line 13))
  Downloading tokenizers-0.19.1.tar.gz (321 kB)
  Installing build dependencies: started
  Installing build dependencies: finished with status 'done'
  Getting requirements to build wheel: started
  Getting requirements to build wheel: finished with status 'done'
  Installing backend dependencies: started
  Installing backend dependencies: finished with status 'done'
  Preparing metadata (pyproject.toml): started
